
INFO [2024-04-18T13:34:11.515Z]: Preparing to initialize extension
INFO [2024-04-18T13:34:12.526Z]: Registering flag observer
INFO [2024-04-18T13:34:12.526Z]: Navigating to loading page
INFO [2024-04-18T13:34:12.526Z]: Navigation
INFO [2024-04-18T13:34:12.526Z]: {"page":"/loading"}
INFO [2024-04-18T13:34:12.526Z]: Initializing workspace controller
INFO [2024-04-18T13:34:12.527Z]: Creating URI handler
INFO [2024-04-18T13:34:12.527Z]: Getting auth service props
INFO [2024-04-18T13:34:12.527Z]: Creating auth service
INFO [2024-04-18T13:34:12.528Z]: Setting network auth service
INFO [2024-04-18T13:34:12.528Z]: Creating context store
INFO [2024-04-18T13:34:12.528Z]: Creating engine
INFO [2024-04-18T13:34:12.528Z]: Creating sql db
INFO [2024-04-18T13:34:12.571Z]: Creating vector db
INFO [2024-04-18T13:34:12.571Z]: Creating config manager
INFO [2024-04-18T13:34:12.572Z]: Get languages
INFO [2024-04-18T13:34:12.572Z]: Reading ALL files
INFO [2024-04-18T13:34:12.573Z]: Get Overview
INFO [2024-04-18T13:34:12.573Z]: Creating code parser
INFO [2024-04-18T13:34:12.573Z]: Creating code index
INFO [2024-04-18T13:34:12.574Z]: Creating graphs
INFO [2024-04-18T13:34:12.574Z]: Creating tagger
INFO [2024-04-18T13:34:12.574Z]: Creating semantic
INFO [2024-04-18T13:34:12.574Z]: Creating keyword
INFO [2024-04-18T13:34:12.574Z]: Creating file search
INFO [2024-04-18T13:34:12.574Z]: Initializing engine
INFO [2024-04-18T13:34:12.632Z]: [CodeTagger.init] Initializing
INFO [2024-04-18T13:34:12.632Z]: Initializing history service
INFO [2024-04-18T13:34:12.632Z]: Creating project bot props
INFO [2024-04-18T13:34:12.633Z]: Creating plan service
INFO [2024-04-18T13:34:12.633Z]: Creating terms service
INFO [2024-04-18T13:34:12.633Z]: Creating auth controller
INFO [2024-04-18T13:34:12.633Z]: Initializing auth controller
INFO [2024-04-18T13:34:12.633Z]: Checking auth
INFO [2024-04-18T13:34:14.652Z]: Set User: Slw4O2IWIjYzf8nwF2747YVLYqk1
INFO [2024-04-18T13:34:14.658Z]: Creating plan controller
INFO [2024-04-18T13:34:14.658Z]: Initializing plan controller
INFO [2024-04-18T13:34:25.068Z]: Creating status controller
INFO [2024-04-18T13:34:25.068Z]: Creating chat bot
INFO [2024-04-18T13:34:25.069Z]: Creating git service
INFO [2024-04-18T13:34:25.069Z]: Creating user context
INFO [2024-04-18T13:34:25.069Z]: Creating search controller
INFO [2024-04-18T13:34:25.070Z]: Initializing search controller
INFO [2024-04-18T13:34:25.071Z]: Creating index controller
INFO [2024-04-18T13:34:25.071Z]: Initializing index controller
INFO [2024-04-18T13:34:25.071Z]: Creating migrate controller
INFO [2024-04-18T13:34:25.071Z]: Initializing migrate controller
INFO [2024-04-18T13:34:25.071Z]: Creating settings controller
INFO [2024-04-18T13:34:25.071Z]: Initializing settings controller
INFO [2024-04-18T13:34:25.072Z]: Creating navigation controller
INFO [2024-04-18T13:34:25.072Z]: Initializing navigation controller
INFO [2024-04-18T13:34:25.072Z]: Registering auth service with auth controller
INFO [2024-04-18T13:34:25.072Z]: Calculating navigation
INFO [2024-04-18T13:34:25.081Z]: Navigation
INFO [2024-04-18T13:34:25.081Z]: {"page":"/initialize/project"}
INFO [2024-04-18T13:34:25.081Z]: Fully initialized!
INFO [2024-04-18T13:34:25.082Z]: extension_initialized
INFO [2024-04-18T13:34:25.082Z]: {"timeToInit":13566}
INFO [2024-04-18T13:34:25.122Z]: Reading ALL files
INFO [2024-06-15T01:43:34.094Z]: Preparing to initialize extension
INFO [2024-06-15T01:43:35.102Z]: Registering flag observer
INFO [2024-06-15T01:43:35.102Z]: Navigating to loading page
INFO [2024-06-15T01:43:35.102Z]: Navigation
INFO [2024-06-15T01:43:35.102Z]: {"page":"/loading"}
INFO [2024-06-15T01:43:35.102Z]: Initializing workspace controller
INFO [2024-06-15T01:43:35.104Z]: Creating URI handler
INFO [2024-06-15T01:43:35.104Z]: Getting auth service props
INFO [2024-06-15T01:43:35.104Z]: Creating auth service
INFO [2024-06-15T01:43:35.105Z]: Setting network auth service
INFO [2024-06-15T01:43:35.105Z]: Creating context store
INFO [2024-06-15T01:43:35.105Z]: Creating engine
INFO [2024-06-15T01:43:35.105Z]: Creating sql db
INFO [2024-06-15T01:43:35.142Z]: Creating vector db
INFO [2024-06-15T01:43:35.143Z]: Creating config manager
INFO [2024-06-15T01:43:35.143Z]: Get languages
INFO [2024-06-15T01:43:35.143Z]: Reading ALL files
INFO [2024-06-15T01:43:39.042Z]: Files: 125973
INFO [2024-06-15T01:43:39.042Z]: Counting languages
INFO [2024-06-15T01:43:39.181Z]: Sorting languages
INFO [2024-06-15T01:43:39.181Z]: Get Overview
INFO [2024-06-15T01:43:39.181Z]: Creating code parser
INFO [2024-06-15T01:43:39.182Z]: Creating code index
INFO [2024-06-15T01:43:39.182Z]: Creating graphs
INFO [2024-06-15T01:43:39.182Z]: Creating tagger
INFO [2024-06-15T01:43:39.182Z]: Creating semantic
INFO [2024-06-15T01:43:39.182Z]: Creating keyword
INFO [2024-06-15T01:43:39.182Z]: Creating file search
INFO [2024-06-15T01:43:39.182Z]: Initializing engine
INFO [2024-06-15T01:43:39.193Z]: [CodeTagger.init] Initializing
INFO [2024-06-15T01:43:39.194Z]: Initializing history service
INFO [2024-06-15T01:43:39.194Z]: Creating project bot props
INFO [2024-06-15T01:43:39.194Z]: Creating plan service
INFO [2024-06-15T01:43:39.194Z]: Creating terms service
INFO [2024-06-15T01:43:39.194Z]: Creating auth controller
INFO [2024-06-15T01:43:39.194Z]: Initializing auth controller
INFO [2024-06-15T01:43:39.194Z]: Checking auth
INFO [2024-06-15T01:43:41.001Z]: Set User: Slw4O2IWIjYzf8nwF2747YVLYqk1
INFO [2024-06-15T01:43:41.008Z]: Creating plan controller
INFO [2024-06-15T01:43:41.008Z]: Initializing plan controller